<?xml version="1.0" encoding="UTF-8"?>
<testsuite name="com.datos.data.DataApplicationTests" tests="1" skipped="0" failures="0" errors="0" timestamp="2024-03-22T05:00:50" hostname="DESKTOP-6U4UTQC" time="0.695">
  <properties/>
  <testcase name="contextLoads()" classname="com.datos.data.DataApplicationTests" time="0.695"/>
  <system-out><![CDATA[00:00:37.916 [Test worker] INFO org.springframework.test.context.support.AnnotationConfigContextLoaderUtils -- Could not detect default configuration classes for test class [com.datos.data.DataApplicationTests]: DataApplicationTests does not declare any static, non-private, non-final, nested classes annotated with @Configuration.
00:00:38.073 [Test worker] INFO org.springframework.boot.test.context.SpringBootTestContextBootstrapper -- Found @SpringBootConfiguration com.datos.data.DataApplication for test class com.datos.data.DataApplicationTests

  .   ____          _            __ _ _
 /\\ / ___'_ __ _ _(_)_ __  __ _ \ \ \ \
( ( )\___ | '_ | '_| | '_ \/ _` | \ \ \ \
 \\/  ___)| |_)| | | | | || (_| |  ) ) ) )
  '  |____| .__|_| |_|_| |_\__, | / / / /
 =========|_|==============|___/=/_/_/_/
 :: Spring Boot ::                (v3.1.5)

2024-03-22T00:00:38.748-05:00  INFO 3476 --- [    Test worker] com.datos.data.DataApplicationTests      : Starting DataApplicationTests using Java 17.0.9 with PID 3476 (started by Linares in F:\maestria\TESIS\Java\tesismaestriaautonoma)
2024-03-22T00:00:38.751-05:00  INFO 3476 --- [    Test worker] com.datos.data.DataApplicationTests      : No active profile set, falling back to 1 default profile: "default"
2024-03-22T00:00:39.968-05:00  INFO 3476 --- [    Test worker] .s.d.r.c.RepositoryConfigurationDelegate : Bootstrapping Spring Data JPA repositories in DEFAULT mode.
2024-03-22T00:00:40.237-05:00  INFO 3476 --- [    Test worker] .s.d.r.c.RepositoryConfigurationDelegate : Finished Spring Data repository scanning in 253 ms. Found 1 JPA repository interfaces.
2024-03-22T00:00:41.437-05:00  INFO 3476 --- [    Test worker] o.hibernate.jpa.internal.util.LogHelper  : HHH000204: Processing PersistenceUnitInfo [name: default]
2024-03-22T00:00:41.571-05:00  INFO 3476 --- [    Test worker] org.hibernate.Version                    : HHH000412: Hibernate ORM core version 6.2.13.Final
2024-03-22T00:00:41.576-05:00  INFO 3476 --- [    Test worker] org.hibernate.cfg.Environment            : HHH000406: Using bytecode reflection optimizer
2024-03-22T00:00:42.219-05:00  INFO 3476 --- [    Test worker] o.s.o.j.p.SpringPersistenceUnitInfo      : No LoadTimeWeaver setup: ignoring JPA class transformer
2024-03-22T00:00:42.298-05:00  INFO 3476 --- [    Test worker] com.zaxxer.hikari.HikariDataSource       : HikariPool-1 - Starting...
2024-03-22T00:00:44.543-05:00  INFO 3476 --- [    Test worker] com.zaxxer.hikari.pool.HikariPool        : HikariPool-1 - Added connection com.mysql.cj.jdbc.ConnectionImpl@3cf8a235
2024-03-22T00:00:44.551-05:00  INFO 3476 --- [    Test worker] com.zaxxer.hikari.HikariDataSource       : HikariPool-1 - Start completed.
2024-03-22T00:00:44.770-05:00  WARN 3476 --- [    Test worker] org.hibernate.orm.deprecation            : HHH90000025: MySQL8Dialect does not need to be specified explicitly using 'hibernate.dialect' (remove the property setting and it will be selected by default)
2024-03-22T00:00:44.772-05:00  WARN 3476 --- [    Test worker] org.hibernate.orm.deprecation            : HHH90000026: MySQL8Dialect has been deprecated; use org.hibernate.dialect.MySQLDialect instead
2024-03-22T00:00:46.149-05:00  INFO 3476 --- [    Test worker] o.h.e.t.j.p.i.JtaPlatformInitiator       : HHH000489: No JTA platform available (set 'hibernate.transaction.jta.platform' to enable JTA platform integration)
2024-03-22T00:00:46.543-05:00  INFO 3476 --- [    Test worker] j.LocalContainerEntityManagerFactoryBean : Initialized JPA EntityManagerFactory for persistence unit 'default'
2024-03-22T00:00:47.068-05:00  INFO 3476 --- [    Test worker] o.s.d.j.r.query.QueryEnhancerFactory     : Hibernate is in classpath; If applicable, HQL parser will be used.
2024-03-22T00:00:49.531-05:00  WARN 3476 --- [    Test worker] JpaBaseConfiguration$JpaWebConfiguration : spring.jpa.open-in-view is enabled by default. Therefore, database queries may be performed during view rendering. Explicitly configure spring.jpa.open-in-view to disable this warning
2024-03-22T00:00:50.575-05:00  INFO 3476 --- [    Test worker] com.datos.data.DataApplicationTests      : Started DataApplicationTests in 12.23 seconds (process running for 14.054)
]]></system-out>
  <system-err><![CDATA[]]></system-err>
</testsuite>
